<?xml version="1.0" encoding="UTF-8"?>
<!-- Generated by org.testng.reporters.JUnitXMLReporter -->
<testsuite hostname="LAPTOP-VRS9433I" failures="0" tests="12" name="Flipkart Test" time="256.145" errors="0" timestamp="15 Mar 2021 11:48:08 GMT">
  <testcase classname="com.flipkart.test.LoginPageTest" name="CheckLoginPageTitle" time="0.021"/>
  <testcase classname="com.flipkart.test.LoginPageTest" name="Login" time="0.709"/>
  <testcase classname="com.flipkart.test.HomePageTest" name="HomePageTitle" time="0.01"/>
  <testcase classname="com.flipkart.test.HomePageTest" name="SearchProduct" time="0.216"/>
  <testcase classname="com.flipkart.test.HomePageTest" name="VerifyUserId" time="3.963"/>
  <testcase classname="com.flipkart.test.SearchPageTest" name="CheckProductCategory" time="6.641"/>
  <testcase classname="com.flipkart.test.SearchPageTest" name="LaunchProduct" time="4.379"/>
  <testcase classname="com.flipkart.test.SearchPageTest" name="SearchPageTitle" time="0.005"/>
  <testcase classname="com.flipkart.test.ProductPageTest" name="ProductPageTitle" time="0.013"/>
  <testcase classname="com.flipkart.test.ProductPageTest" name="PurchaseProduct" time="5.475"/>
  <testcase classname="com.flipkart.test.PlaceOrderPageTest" name="OrderProduct" time="62.02"/>
  <testcase classname="com.flipkart.test.PlaceOrderPageTest" name="PaymentPageTitle" time="0.004"/>
</testsuite> <!-- Flipkart Test -->
