<?xml version="1.0" encoding="UTF-8"?>
<!-- Generated by org.testng.reporters.JUnitXMLReporter -->
<testsuite hostname="LAPTOP-VRS9433I" failures="0" tests="12" name="Flipkart Test" time="392.801" errors="0" timestamp="16 Mar 2021 09:26:40 GMT">
  <testcase classname="com.flipkart.test.LoginPageTest" name="CheckLoginPageTitle" time="0.031"/>
  <testcase classname="com.flipkart.test.LoginPageTest" name="Login" time="0.993"/>
  <testcase classname="com.flipkart.test.HomePageTest" name="HomePageTitle" time="0.014"/>
  <testcase classname="com.flipkart.test.HomePageTest" name="SearchProduct" time="0.255"/>
  <testcase classname="com.flipkart.test.HomePageTest" name="VerifyUserId" time="2.522"/>
  <testcase classname="com.flipkart.test.SearchPageTest" name="CheckProductCategory" time="2.136"/>
  <testcase classname="com.flipkart.test.SearchPageTest" name="LaunchProduct" time="2.614"/>
  <testcase classname="com.flipkart.test.SearchPageTest" name="SearchPageTitle" time="0.011"/>
  <testcase classname="com.flipkart.test.ProductPageTest" name="ProductPageTitle" time="0.016"/>
  <testcase classname="com.flipkart.test.ProductPageTest" name="PurchaseProduct" time="5.078"/>
  <testcase classname="com.flipkart.test.PlaceOrderPageTest" name="OrderProduct" time="191.101"/>
  <testcase classname="com.flipkart.test.PlaceOrderPageTest" name="PaymentPageTitle" time="0.007"/>
</testsuite> <!-- Flipkart Test -->
