<?xml version="1.0" encoding="UTF-8"?>
<testsuite xmlns:xsi="http://www.w3.org/2001/XMLSchema-instance" xsi:noNamespaceSchemaLocation="https://maven.apache.org/surefire/maven-surefire-plugin/xsd/surefire-test-report-3.0.xsd" version="3.0" name="TestSuite" time="256.971" tests="12" errors="0" skipped="0" failures="0">
  <properties>
[...]
</properties>
  <testcase name="CheckLoginPageTitle" classname="com.flipkart.test.LoginPageTest" time="0.006">
    <system-out><![CDATA[Directory already exists: C:\Users\SINDHU\eclipse-workspace\FlipkartProject\TestReport
Directory already exists: C:\Users\SINDHU\eclipse-workspace\FlipkartProject\TestReport\Screenshots
C:\Users\SINDHU\eclipse-workspace\FlipkartProject\TestReport\Extent-Report.html
...
... TestNG 6.8beta 20120825_1010 by C�dric Beust (cedric@beust.com)
...

*** Test Suite Flipkart Test started ***
C:\Users\SINDHU\eclipse-workspace\FlipkartProject\TestReport\Screenshots\CheckLoginPageTitle.png
C:\Users\SINDHU\eclipse-workspace\FlipkartProject\TestReport\Screenshots\CheckProductCategory.png
C:\Users\SINDHU\eclipse-workspace\FlipkartProject\TestReport\Screenshots\HomePageTitle.png
C:\Users\SINDHU\eclipse-workspace\FlipkartProject\TestReport\Screenshots\LaunchProduct.png
C:\Users\SINDHU\eclipse-workspace\FlipkartProject\TestReport\Screenshots\Login.png
C:\Users\SINDHU\eclipse-workspace\FlipkartProject\TestReport\Screenshots\OrderProduct.png
C:\Users\SINDHU\eclipse-workspace\FlipkartProject\TestReport\Screenshots\PaymentPageTitle.png
C:\Users\SINDHU\eclipse-workspace\FlipkartProject\TestReport\Screenshots\ProductPageTitle.png
C:\Users\SINDHU\eclipse-workspace\FlipkartProject\TestReport\Screenshots\PurchaseProduct.png
C:\Users\SINDHU\eclipse-workspace\FlipkartProject\TestReport\Screenshots\SearchPageTitle.png
C:\Users\SINDHU\eclipse-workspace\FlipkartProject\TestReport\Screenshots\SearchProduct.png
C:\Users\SINDHU\eclipse-workspace\FlipkartProject\TestReport\Screenshots\VerifyUserId.png
Before navigating to: 'https://www.flipkart.com/'
Navigated to:'https://www.flipkart.com/'
*** Running test method CheckLoginPageTitle...
Online Shopping Site for Mobiles, Electronics, Furniture, Grocery, Lifestyle, Books & More. Best Offers!
]]></system-out>
    <system-err><![CDATA[Starting ChromeDriver 88.0.4324.96 (68dba2d8a0b149a1d3afac56fa74648032bcf46b-refs/branch-heads/4324@{#1784}) on port 37653
Only local connections are allowed.
Please see https://chromedriver.chromium.org/security-considerations for suggestions on keeping ChromeDriver safe.
ChromeDriver was started successfully.
[1615808633.737][WARNING]: This version of ChromeDriver has not been tested with Chrome version 89.
Mar 15, 2021 5:13:53 PM org.openqa.selenium.remote.ProtocolHandshake createSession
INFO: Detected dialect: W3C
]]></system-err>
  </testcase>
  <testcase name="Login" classname="com.flipkart.test.LoginPageTest" time="0.699">
    <system-out><![CDATA[*** Executed CheckLoginPageTitle test successfully...
Before navigating to: 'https://www.flipkart.com/'
Navigated to:'https://www.flipkart.com/'
*** Running test method Login...
Trying to find Element By : By.xpath: (//input[@type='text'])[2]
Found Element By : By.xpath: (//input[@type='text'])[2]
Trying to find Element By : By.xpath: //input[@type='password']
Found Element By : By.xpath: //input[@type='password']
Trying to find Element By : By.xpath: (//span[contains(text(),'Login')])[2]
Found Element By : By.xpath: (//span[contains(text(),'Login')])[2]
Trying to click on: [[ChromeDriver: chrome on WINDOWS (570bbf6ac5ee9d05e11e9c09633e678f)] -> xpath: (//span[contains(text(),'Login')])[2]]
Clicked on: [[ChromeDriver: chrome on WINDOWS (570bbf6ac5ee9d05e11e9c09633e678f)] -> xpath: (//span[contains(text(),'Login')])[2]]
]]></system-out>
    <system-err><![CDATA[Starting ChromeDriver 88.0.4324.96 (68dba2d8a0b149a1d3afac56fa74648032bcf46b-refs/branch-heads/4324@{#1784}) on port 21203
Only local connections are allowed.
Please see https://chromedriver.chromium.org/security-considerations for suggestions on keeping ChromeDriver safe.
ChromeDriver was started successfully.
[1615808643.604][WARNING]: This version of ChromeDriver has not been tested with Chrome version 89.
Mar 15, 2021 5:14:03 PM org.openqa.selenium.remote.ProtocolHandshake createSession
INFO: Detected dialect: W3C
]]></system-err>
  </testcase>
  <testcase name="HomePageTitle" classname="com.flipkart.test.HomePageTest" time="0.003">
    <system-out><![CDATA[*** Executed Login test successfully...
Before navigating to: 'https://www.flipkart.com/'
Navigated to:'https://www.flipkart.com/'
Trying to find Element By : By.xpath: (//input[@type='text'])[2]
Found Element By : By.xpath: (//input[@type='text'])[2]
Trying to find Element By : By.xpath: //input[@type='password']
Found Element By : By.xpath: //input[@type='password']
Trying to find Element By : By.xpath: (//span[contains(text(),'Login')])[2]
Found Element By : By.xpath: (//span[contains(text(),'Login')])[2]
Trying to click on: [[ChromeDriver: chrome on WINDOWS (0c45d74844735513bb1de7f31a19c243)] -> xpath: (//span[contains(text(),'Login')])[2]]
Clicked on: [[ChromeDriver: chrome on WINDOWS (0c45d74844735513bb1de7f31a19c243)] -> xpath: (//span[contains(text(),'Login')])[2]]
*** Running test method HomePageTitle...
Online Shopping Site for Mobiles, Electronics, Furniture, Grocery, Lifestyle, Books & More. Best Offers!
]]></system-out>
    <system-err><![CDATA[Starting ChromeDriver 88.0.4324.96 (68dba2d8a0b149a1d3afac56fa74648032bcf46b-refs/branch-heads/4324@{#1784}) on port 36110
Only local connections are allowed.
Please see https://chromedriver.chromium.org/security-considerations for suggestions on keeping ChromeDriver safe.
ChromeDriver was started successfully.
[1615808653.842][WARNING]: This version of ChromeDriver has not been tested with Chrome version 89.
Mar 15, 2021 5:14:13 PM org.openqa.selenium.remote.ProtocolHandshake createSession
INFO: Detected dialect: W3C
]]></system-err>
  </testcase>
  <testcase name="SearchProduct" classname="com.flipkart.test.HomePageTest" time="0.207">
    <system-out><![CDATA[*** Executed HomePageTitle test successfully...
Before navigating to: 'https://www.flipkart.com/'
Navigated to:'https://www.flipkart.com/'
Trying to find Element By : By.xpath: (//input[@type='text'])[2]
Found Element By : By.xpath: (//input[@type='text'])[2]
Trying to find Element By : By.xpath: //input[@type='password']
Found Element By : By.xpath: //input[@type='password']
Trying to find Element By : By.xpath: (//span[contains(text(),'Login')])[2]
Found Element By : By.xpath: (//span[contains(text(),'Login')])[2]
Trying to click on: [[ChromeDriver: chrome on WINDOWS (464701e60c7277710e99b2544919ffb8)] -> xpath: (//span[contains(text(),'Login')])[2]]
Clicked on: [[ChromeDriver: chrome on WINDOWS (464701e60c7277710e99b2544919ffb8)] -> xpath: (//span[contains(text(),'Login')])[2]]
*** Running test method SearchProduct...
Trying to find Element By : By.xpath: //input[@title='Search for products, brands and more']
Found Element By : By.xpath: //input[@title='Search for products, brands and more']
Trying to find Element By : By.xpath: //input[@title='Search for products, brands and more']
Found Element By : By.xpath: //input[@title='Search for products, brands and more']
]]></system-out>
    <system-err><![CDATA[Starting ChromeDriver 88.0.4324.96 (68dba2d8a0b149a1d3afac56fa74648032bcf46b-refs/branch-heads/4324@{#1784}) on port 17272
Only local connections are allowed.
Please see https://chromedriver.chromium.org/security-considerations for suggestions on keeping ChromeDriver safe.
ChromeDriver was started successfully.
[1615808662.515][WARNING]: This version of ChromeDriver has not been tested with Chrome version 89.
Mar 15, 2021 5:14:22 PM org.openqa.selenium.remote.ProtocolHandshake createSession
INFO: Detected dialect: W3C
]]></system-err>
  </testcase>
  <testcase name="VerifyUserId" classname="com.flipkart.test.HomePageTest" time="3.962">
    <system-out><![CDATA[*** Executed SearchProduct test successfully...
Before navigating to: 'https://www.flipkart.com/'
Navigated to:'https://www.flipkart.com/'
Trying to find Element By : By.xpath: (//input[@type='text'])[2]
Found Element By : By.xpath: (//input[@type='text'])[2]
Trying to find Element By : By.xpath: //input[@type='password']
Found Element By : By.xpath: //input[@type='password']
Trying to find Element By : By.xpath: (//span[contains(text(),'Login')])[2]
Found Element By : By.xpath: (//span[contains(text(),'Login')])[2]
Trying to click on: [[ChromeDriver: chrome on WINDOWS (087abde745d33c8f2362c5bd713c9616)] -> xpath: (//span[contains(text(),'Login')])[2]]
Clicked on: [[ChromeDriver: chrome on WINDOWS (087abde745d33c8f2362c5bd713c9616)] -> xpath: (//span[contains(text(),'Login')])[2]]
*** Running test method VerifyUserId...
Trying to find Element By : By.xpath: //div[contains(text(),'Sindhu')]
Found Element By : By.xpath: //div[contains(text(),'Sindhu')]
Sindhu
]]></system-out>
    <system-err><![CDATA[Starting ChromeDriver 88.0.4324.96 (68dba2d8a0b149a1d3afac56fa74648032bcf46b-refs/branch-heads/4324@{#1784}) on port 29986
Only local connections are allowed.
Please see https://chromedriver.chromium.org/security-considerations for suggestions on keeping ChromeDriver safe.
ChromeDriver was started successfully.
[1615808678.516][WARNING]: This version of ChromeDriver has not been tested with Chrome version 89.
Mar 15, 2021 5:14:38 PM org.openqa.selenium.remote.ProtocolHandshake createSession
INFO: Detected dialect: W3C
]]></system-err>
  </testcase>
  <testcase name="CheckProductCategory" classname="com.flipkart.test.SearchPageTest" time="6.639">
    <system-out><![CDATA[*** Executed VerifyUserId test successfully...
Before navigating to: 'https://www.flipkart.com/'
Navigated to:'https://www.flipkart.com/'
Trying to find Element By : By.xpath: (//input[@type='text'])[2]
Found Element By : By.xpath: (//input[@type='text'])[2]
Trying to find Element By : By.xpath: //input[@type='password']
Found Element By : By.xpath: //input[@type='password']
Trying to find Element By : By.xpath: (//span[contains(text(),'Login')])[2]
Found Element By : By.xpath: (//span[contains(text(),'Login')])[2]
Trying to click on: [[ChromeDriver: chrome on WINDOWS (1c3dd2a24f9d65d7a08df10a53770291)] -> xpath: (//span[contains(text(),'Login')])[2]]
Clicked on: [[ChromeDriver: chrome on WINDOWS (1c3dd2a24f9d65d7a08df10a53770291)] -> xpath: (//span[contains(text(),'Login')])[2]]
Trying to find Element By : By.xpath: //input[@title='Search for products, brands and more']
Found Element By : By.xpath: //input[@title='Search for products, brands and more']
Trying to find Element By : By.xpath: //input[@title='Search for products, brands and more']
Found Element By : By.xpath: //input[@title='Search for products, brands and more']
*** Running test method CheckProductCategory...
Trying to find Element By : By.xpath: //a[@title='Mobiles']
Found Element By : By.xpath: //a[@title='Mobiles']
Mobiles
]]></system-out>
    <system-err><![CDATA[Starting ChromeDriver 88.0.4324.96 (68dba2d8a0b149a1d3afac56fa74648032bcf46b-refs/branch-heads/4324@{#1784}) on port 16200
Only local connections are allowed.
Please see https://chromedriver.chromium.org/security-considerations for suggestions on keeping ChromeDriver safe.
ChromeDriver was started successfully.
[1615808696.185][WARNING]: This version of ChromeDriver has not been tested with Chrome version 89.
Mar 15, 2021 5:14:56 PM org.openqa.selenium.remote.ProtocolHandshake createSession
INFO: Detected dialect: W3C
]]></system-err>
  </testcase>
  <testcase name="LaunchProduct" classname="com.flipkart.test.SearchPageTest" time="4.378">
    <system-out><![CDATA[*** Executed CheckProductCategory test successfully...
Before navigating to: 'https://www.flipkart.com/'
Navigated to:'https://www.flipkart.com/'
Trying to find Element By : By.xpath: (//input[@type='text'])[2]
Found Element By : By.xpath: (//input[@type='text'])[2]
Trying to find Element By : By.xpath: //input[@type='password']
Found Element By : By.xpath: //input[@type='password']
Trying to find Element By : By.xpath: (//span[contains(text(),'Login')])[2]
Found Element By : By.xpath: (//span[contains(text(),'Login')])[2]
Trying to click on: [[ChromeDriver: chrome on WINDOWS (2f390f9e4d8ee53bf9cbe79e7d3e45d7)] -> xpath: (//span[contains(text(),'Login')])[2]]
Clicked on: [[ChromeDriver: chrome on WINDOWS (2f390f9e4d8ee53bf9cbe79e7d3e45d7)] -> xpath: (//span[contains(text(),'Login')])[2]]
Trying to find Element By : By.xpath: //input[@title='Search for products, brands and more']
Found Element By : By.xpath: //input[@title='Search for products, brands and more']
Trying to find Element By : By.xpath: //input[@title='Search for products, brands and more']
Found Element By : By.xpath: //input[@title='Search for products, brands and more']
*** Running test method LaunchProduct...
Trying to find Element By : By.xpath: //div[contains(text(),'Redmi 9 Prime (Sunrise Flare, 64 GB)')]
Found Element By : By.xpath: //div[contains(text(),'Redmi 9 Prime (Sunrise Flare, 64 GB)')]
Trying to click on: [[ChromeDriver: chrome on WINDOWS (2f390f9e4d8ee53bf9cbe79e7d3e45d7)] -> xpath: //div[contains(text(),'Redmi 9 Prime (Sunrise Flare, 64 GB)')]]
Clicked on: [[ChromeDriver: chrome on WINDOWS (2f390f9e4d8ee53bf9cbe79e7d3e45d7)] -> xpath: //div[contains(text(),'Redmi 9 Prime (Sunrise Flare, 64 GB)')]]
]]></system-out>
    <system-err><![CDATA[Starting ChromeDriver 88.0.4324.96 (68dba2d8a0b149a1d3afac56fa74648032bcf46b-refs/branch-heads/4324@{#1784}) on port 44591
Only local connections are allowed.
Please see https://chromedriver.chromium.org/security-considerations for suggestions on keeping ChromeDriver safe.
ChromeDriver was started successfully.
[1615808712.593][WARNING]: This version of ChromeDriver has not been tested with Chrome version 89.
Mar 15, 2021 5:15:12 PM org.openqa.selenium.remote.ProtocolHandshake createSession
INFO: Detected dialect: W3C
]]></system-err>
  </testcase>
  <testcase name="SearchPageTitle" classname="com.flipkart.test.SearchPageTest" time="0.003">
    <system-out><![CDATA[*** Executed LaunchProduct test successfully...
Before navigating to: 'https://www.flipkart.com/'
Navigated to:'https://www.flipkart.com/'
Trying to find Element By : By.xpath: (//input[@type='text'])[2]
Found Element By : By.xpath: (//input[@type='text'])[2]
Trying to find Element By : By.xpath: //input[@type='password']
Found Element By : By.xpath: //input[@type='password']
Trying to find Element By : By.xpath: (//span[contains(text(),'Login')])[2]
Found Element By : By.xpath: (//span[contains(text(),'Login')])[2]
Trying to click on: [[ChromeDriver: chrome on WINDOWS (52e876091715e347e6c11cfc523d3c84)] -> xpath: (//span[contains(text(),'Login')])[2]]
Clicked on: [[ChromeDriver: chrome on WINDOWS (52e876091715e347e6c11cfc523d3c84)] -> xpath: (//span[contains(text(),'Login')])[2]]
Trying to find Element By : By.xpath: //input[@title='Search for products, brands and more']
Found Element By : By.xpath: //input[@title='Search for products, brands and more']
Trying to find Element By : By.xpath: //input[@title='Search for products, brands and more']
Found Element By : By.xpath: //input[@title='Search for products, brands and more']
*** Running test method SearchPageTitle...
Online Shopping Site for Mobiles, Electronics, Furniture, Grocery, Lifestyle, Books & More. Best Offers!
]]></system-out>
    <system-err><![CDATA[Starting ChromeDriver 88.0.4324.96 (68dba2d8a0b149a1d3afac56fa74648032bcf46b-refs/branch-heads/4324@{#1784}) on port 43579
Only local connections are allowed.
Please see https://chromedriver.chromium.org/security-considerations for suggestions on keeping ChromeDriver safe.
ChromeDriver was started successfully.
[1615808732.356][WARNING]: This version of ChromeDriver has not been tested with Chrome version 89.
Mar 15, 2021 5:15:32 PM org.openqa.selenium.remote.ProtocolHandshake createSession
INFO: Detected dialect: W3C
]]></system-err>
  </testcase>
  <testcase name="ProductPageTitle" classname="com.flipkart.test.ProductPageTest" time="0.009">
    <system-out><![CDATA[*** Executed SearchPageTitle test successfully...
Before navigating to: 'https://www.flipkart.com/'
Navigated to:'https://www.flipkart.com/'
Trying to find Element By : By.xpath: (//input[@type='text'])[2]
Found Element By : By.xpath: (//input[@type='text'])[2]
Trying to find Element By : By.xpath: //input[@type='password']
Found Element By : By.xpath: //input[@type='password']
Trying to find Element By : By.xpath: (//span[contains(text(),'Login')])[2]
Found Element By : By.xpath: (//span[contains(text(),'Login')])[2]
Trying to click on: [[ChromeDriver: chrome on WINDOWS (369fc3f3d84355a6ee01999f8d3924f8)] -> xpath: (//span[contains(text(),'Login')])[2]]
Clicked on: [[ChromeDriver: chrome on WINDOWS (369fc3f3d84355a6ee01999f8d3924f8)] -> xpath: (//span[contains(text(),'Login')])[2]]
Trying to find Element By : By.xpath: //input[@title='Search for products, brands and more']
Found Element By : By.xpath: //input[@title='Search for products, brands and more']
Trying to find Element By : By.xpath: //input[@title='Search for products, brands and more']
Found Element By : By.xpath: //input[@title='Search for products, brands and more']
Trying to find Element By : By.xpath: //div[contains(text(),'Redmi 9 Prime (Sunrise Flare, 64 GB)')]
Found Element By : By.xpath: //div[contains(text(),'Redmi 9 Prime (Sunrise Flare, 64 GB)')]
Trying to click on: [[ChromeDriver: chrome on WINDOWS (369fc3f3d84355a6ee01999f8d3924f8)] -> xpath: //div[contains(text(),'Redmi 9 Prime (Sunrise Flare, 64 GB)')]]
Clicked on: [[ChromeDriver: chrome on WINDOWS (369fc3f3d84355a6ee01999f8d3924f8)] -> xpath: //div[contains(text(),'Redmi 9 Prime (Sunrise Flare, 64 GB)')]]
*** Running test method ProductPageTitle...
Redmi 9 Prime (Sunrise Flare, 64 GB)- Buy Products Online at Best Price in India - All Categories | Flipkart.com
]]></system-out>
    <system-err><![CDATA[Starting ChromeDriver 88.0.4324.96 (68dba2d8a0b149a1d3afac56fa74648032bcf46b-refs/branch-heads/4324@{#1784}) on port 25246
Only local connections are allowed.
Please see https://chromedriver.chromium.org/security-considerations for suggestions on keeping ChromeDriver safe.
ChromeDriver was started successfully.
[1615808745.222][WARNING]: This version of ChromeDriver has not been tested with Chrome version 89.
Mar 15, 2021 5:15:45 PM org.openqa.selenium.remote.ProtocolHandshake createSession
INFO: Detected dialect: W3C
]]></system-err>
  </testcase>
  <testcase name="PurchaseProduct" classname="com.flipkart.test.ProductPageTest" time="5.471">
    <system-out><![CDATA[*** Executed ProductPageTitle test successfully...
Before navigating to: 'https://www.flipkart.com/'
Navigated to:'https://www.flipkart.com/'
Trying to find Element By : By.xpath: (//input[@type='text'])[2]
Found Element By : By.xpath: (//input[@type='text'])[2]
Trying to find Element By : By.xpath: //input[@type='password']
Found Element By : By.xpath: //input[@type='password']
Trying to find Element By : By.xpath: (//span[contains(text(),'Login')])[2]
Found Element By : By.xpath: (//span[contains(text(),'Login')])[2]
Trying to click on: [[ChromeDriver: chrome on WINDOWS (341227bdd3146f501cc2fca72acaf3d3)] -> xpath: (//span[contains(text(),'Login')])[2]]
Clicked on: [[ChromeDriver: chrome on WINDOWS (341227bdd3146f501cc2fca72acaf3d3)] -> xpath: (//span[contains(text(),'Login')])[2]]
Trying to find Element By : By.xpath: //input[@title='Search for products, brands and more']
Found Element By : By.xpath: //input[@title='Search for products, brands and more']
Trying to find Element By : By.xpath: //input[@title='Search for products, brands and more']
Found Element By : By.xpath: //input[@title='Search for products, brands and more']
Trying to find Element By : By.xpath: //div[contains(text(),'Redmi 9 Prime (Sunrise Flare, 64 GB)')]
Found Element By : By.xpath: //div[contains(text(),'Redmi 9 Prime (Sunrise Flare, 64 GB)')]
Trying to click on: [[ChromeDriver: chrome on WINDOWS (341227bdd3146f501cc2fca72acaf3d3)] -> xpath: //div[contains(text(),'Redmi 9 Prime (Sunrise Flare, 64 GB)')]]
Clicked on: [[ChromeDriver: chrome on WINDOWS (341227bdd3146f501cc2fca72acaf3d3)] -> xpath: //div[contains(text(),'Redmi 9 Prime (Sunrise Flare, 64 GB)')]]
*** Running test method PurchaseProduct...
parent window name: CDwindow-0317F213A6ACB3927BD9017E7C43A6CB
Searched Product is sucessfully launched in new tab
mi Redmi 9 Prime ( 64 GB Storage, 4 GB RAM ) Online at Best Price On Flipkart.com
Trying to find Element By : By.xpath: //button[@type='button']
Found Element By : By.xpath: //button[@type='button']
Trying to click on: [[ChromeDriver: chrome on WINDOWS (341227bdd3146f501cc2fca72acaf3d3)] -> xpath: //button[@type='button']]
Clicked on: [[ChromeDriver: chrome on WINDOWS (341227bdd3146f501cc2fca72acaf3d3)] -> xpath: //button[@type='button']]
]]></system-out>
    <system-err><![CDATA[Starting ChromeDriver 88.0.4324.96 (68dba2d8a0b149a1d3afac56fa74648032bcf46b-refs/branch-heads/4324@{#1784}) on port 18664
Only local connections are allowed.
Please see https://chromedriver.chromium.org/security-considerations for suggestions on keeping ChromeDriver safe.
ChromeDriver was started successfully.
[1615808760.244][WARNING]: This version of ChromeDriver has not been tested with Chrome version 89.
Mar 15, 2021 5:16:00 PM org.openqa.selenium.remote.ProtocolHandshake createSession
INFO: Detected dialect: W3C
]]></system-err>
  </testcase>
  <testcase name="OrderProduct" classname="com.flipkart.test.PlaceOrderPageTest" time="62.019">
    <system-out><![CDATA[*** Executed PurchaseProduct test successfully...
Before navigating to: 'https://www.flipkart.com/'
Navigated to:'https://www.flipkart.com/'
Trying to find Element By : By.xpath: (//input[@type='text'])[2]
Found Element By : By.xpath: (//input[@type='text'])[2]
Trying to find Element By : By.xpath: //input[@type='password']
Found Element By : By.xpath: //input[@type='password']
Trying to find Element By : By.xpath: (//span[contains(text(),'Login')])[2]
Found Element By : By.xpath: (//span[contains(text(),'Login')])[2]
Trying to click on: [[ChromeDriver: chrome on WINDOWS (e4a2e774216f0f3962047e3cf5cc322c)] -> xpath: (//span[contains(text(),'Login')])[2]]
Clicked on: [[ChromeDriver: chrome on WINDOWS (e4a2e774216f0f3962047e3cf5cc322c)] -> xpath: (//span[contains(text(),'Login')])[2]]
Trying to find Element By : By.xpath: //input[@title='Search for products, brands and more']
Found Element By : By.xpath: //input[@title='Search for products, brands and more']
Trying to find Element By : By.xpath: //input[@title='Search for products, brands and more']
Found Element By : By.xpath: //input[@title='Search for products, brands and more']
Trying to find Element By : By.xpath: //div[contains(text(),'Redmi 9 Prime (Sunrise Flare, 64 GB)')]
Found Element By : By.xpath: //div[contains(text(),'Redmi 9 Prime (Sunrise Flare, 64 GB)')]
Trying to click on: [[ChromeDriver: chrome on WINDOWS (e4a2e774216f0f3962047e3cf5cc322c)] -> xpath: //div[contains(text(),'Redmi 9 Prime (Sunrise Flare, 64 GB)')]]
Clicked on: [[ChromeDriver: chrome on WINDOWS (e4a2e774216f0f3962047e3cf5cc322c)] -> xpath: //div[contains(text(),'Redmi 9 Prime (Sunrise Flare, 64 GB)')]]
parent window name: CDwindow-1DB85885E5C5C40E869095EFAC1FF4DD
Searched Product is sucessfully launched in new tab
mi Redmi 9 Prime ( 64 GB Storage, 4 GB RAM ) Online at Best Price On Flipkart.com
Trying to find Element By : By.xpath: //button[@type='button']
Found Element By : By.xpath: //button[@type='button']
Trying to click on: [[ChromeDriver: chrome on WINDOWS (e4a2e774216f0f3962047e3cf5cc322c)] -> xpath: //button[@type='button']]
Clicked on: [[ChromeDriver: chrome on WINDOWS (e4a2e774216f0f3962047e3cf5cc322c)] -> xpath: //button[@type='button']]
*** Running test method OrderProduct...
Trying to find Element By : By.xpath: //button[contains(text(),'CONTINUE')]
Found Element By : By.xpath: //button[contains(text(),'CONTINUE')]
Trying to click on: [[ChromeDriver: chrome on WINDOWS (e4a2e774216f0f3962047e3cf5cc322c)] -> xpath: //button[contains(text(),'CONTINUE')]]
Clicked on: [[ChromeDriver: chrome on WINDOWS (e4a2e774216f0f3962047e3cf5cc322c)] -> xpath: //button[contains(text(),'CONTINUE')]]
Trying to find Element By : By.xpath: //button[contains(text(),'CONTINUE')]
Found Element By : By.xpath: //button[contains(text(),'CONTINUE')]
Trying to click on: [[ChromeDriver: chrome on WINDOWS (e4a2e774216f0f3962047e3cf5cc322c)] -> xpath: //button[contains(text(),'CONTINUE')]]
Clicked on: [[ChromeDriver: chrome on WINDOWS (e4a2e774216f0f3962047e3cf5cc322c)] -> xpath: //button[contains(text(),'CONTINUE')]]
Trying to find Element By : By.xpath: //input[@name='cardNumber']
Found Element By : By.xpath: //input[@name='cardNumber']
Trying to find Element By : By.xpath: //span[contains(text(),'Not a valid card number')]
Found Element By : By.xpath: //span[contains(text(),'Not a valid card number')]
]]></system-out>
    <system-err><![CDATA[Starting ChromeDriver 88.0.4324.96 (68dba2d8a0b149a1d3afac56fa74648032bcf46b-refs/branch-heads/4324@{#1784}) on port 11101
Only local connections are allowed.
Please see https://chromedriver.chromium.org/security-considerations for suggestions on keeping ChromeDriver safe.
ChromeDriver was started successfully.
[1615808781.410][WARNING]: This version of ChromeDriver has not been tested with Chrome version 89.
Mar 15, 2021 5:16:21 PM org.openqa.selenium.remote.ProtocolHandshake createSession
INFO: Detected dialect: W3C
]]></system-err>
  </testcase>
  <testcase name="PaymentPageTitle" classname="com.flipkart.test.PlaceOrderPageTest" time="0.002">
    <system-out><![CDATA[*** Executed OrderProduct test successfully...
Before navigating to: 'https://www.flipkart.com/'
Navigated to:'https://www.flipkart.com/'
Trying to find Element By : By.xpath: (//input[@type='text'])[2]
Found Element By : By.xpath: (//input[@type='text'])[2]
Trying to find Element By : By.xpath: //input[@type='password']
Found Element By : By.xpath: //input[@type='password']
Trying to find Element By : By.xpath: (//span[contains(text(),'Login')])[2]
Found Element By : By.xpath: (//span[contains(text(),'Login')])[2]
Trying to click on: [[ChromeDriver: chrome on WINDOWS (020d60b9caf09f8c73bd45df817f82b8)] -> xpath: (//span[contains(text(),'Login')])[2]]
Clicked on: [[ChromeDriver: chrome on WINDOWS (020d60b9caf09f8c73bd45df817f82b8)] -> xpath: (//span[contains(text(),'Login')])[2]]
Trying to find Element By : By.xpath: //input[@title='Search for products, brands and more']
Found Element By : By.xpath: //input[@title='Search for products, brands and more']
Trying to find Element By : By.xpath: //input[@title='Search for products, brands and more']
Found Element By : By.xpath: //input[@title='Search for products, brands and more']
Trying to find Element By : By.xpath: //div[contains(text(),'Redmi 9 Prime (Sunrise Flare, 64 GB)')]
Found Element By : By.xpath: //div[contains(text(),'Redmi 9 Prime (Sunrise Flare, 64 GB)')]
Trying to click on: [[ChromeDriver: chrome on WINDOWS (020d60b9caf09f8c73bd45df817f82b8)] -> xpath: //div[contains(text(),'Redmi 9 Prime (Sunrise Flare, 64 GB)')]]
Clicked on: [[ChromeDriver: chrome on WINDOWS (020d60b9caf09f8c73bd45df817f82b8)] -> xpath: //div[contains(text(),'Redmi 9 Prime (Sunrise Flare, 64 GB)')]]
parent window name: CDwindow-072B26221EDF36DBDD35ADC0F61FB7E9
Searched Product is sucessfully launched in new tab
mi Redmi 9 Prime ( 64 GB Storage, 4 GB RAM ) Online at Best Price On Flipkart.com
Trying to find Element By : By.xpath: //button[@type='button']
Found Element By : By.xpath: //button[@type='button']
Trying to click on: [[ChromeDriver: chrome on WINDOWS (020d60b9caf09f8c73bd45df817f82b8)] -> xpath: //button[@type='button']]
Clicked on: [[ChromeDriver: chrome on WINDOWS (020d60b9caf09f8c73bd45df817f82b8)] -> xpath: //button[@type='button']]
*** Running test method PaymentPageTitle...
mi Redmi 9 Prime ( 64 GB Storage, 4 GB RAM ) Online at Best Price On Flipkart.com
]]></system-out>
    <system-err><![CDATA[Starting ChromeDriver 88.0.4324.96 (68dba2d8a0b149a1d3afac56fa74648032bcf46b-refs/branch-heads/4324@{#1784}) on port 13495
Only local connections are allowed.
Please see https://chromedriver.chromium.org/security-considerations for suggestions on keeping ChromeDriver safe.
ChromeDriver was started successfully.
[1615808860.923][WARNING]: This version of ChromeDriver has not been tested with Chrome version 89.
Mar 15, 2021 5:17:40 PM org.openqa.selenium.remote.ProtocolHandshake createSession
INFO: Detected dialect: W3C
]]></system-err>
  </testcase>
</testsuite>