<?xml version="1.0" encoding="UTF-8"?>
<testng-results total="12" passed="12" failed="0" skipped="0">
  <reporter-output>
  </reporter-output>
  <suite started-at="2021-03-16T09:20:07Z" name="Flipkart Application Test Suite" finished-at="2021-03-16T09:26:40Z" duration-ms="392801">
    <groups>
    </groups>
    <test started-at="2021-03-16T09:20:07Z" name="Flipkart Test" finished-at="2021-03-16T09:26:40Z" duration-ms="392801">
      <class name="com.flipkart.test.SearchPageTest">
        <test-method is-config="true" signature="SetUp()[pri:0, instance:com.flipkart.test.SearchPageTest@37883b97]" started-at="2021-03-16T14:51:08Z" name="SetUp" finished-at="2021-03-16T14:51:14Z" duration-ms="6073" status="PASS">
          <reporter-output>
          </reporter-output>
        </test-method> <!-- SetUp -->
        <test-method signature="CheckProductCategory()[pri:0, instance:com.flipkart.test.SearchPageTest@37883b97]" started-at="2021-03-16T14:51:14Z" name="CheckProductCategory" finished-at="2021-03-16T14:51:16Z" duration-ms="2136" status="PASS">
          <reporter-output>
          </reporter-output>
        </test-method> <!-- CheckProductCategory -->
        <test-method is-config="true" signature="TearDown()[pri:0, instance:com.flipkart.test.SearchPageTest@37883b97]" started-at="2021-03-16T14:51:17Z" name="TearDown" finished-at="2021-03-16T14:51:17Z" duration-ms="688" status="PASS">
          <reporter-output>
          </reporter-output>
        </test-method> <!-- TearDown -->
        <test-method is-config="true" signature="SetUp()[pri:0, instance:com.flipkart.test.SearchPageTest@37883b97]" started-at="2021-03-16T14:51:17Z" name="SetUp" finished-at="2021-03-16T14:51:26Z" duration-ms="8608" status="PASS">
          <reporter-output>
          </reporter-output>
        </test-method> <!-- SetUp -->
        <test-method signature="LaunchProduct()[pri:0, instance:com.flipkart.test.SearchPageTest@37883b97]" started-at="2021-03-16T14:51:26Z" name="LaunchProduct" finished-at="2021-03-16T14:51:29Z" duration-ms="2614" status="PASS">
          <reporter-output>
          </reporter-output>
        </test-method> <!-- LaunchProduct -->
        <test-method is-config="true" signature="TearDown()[pri:0, instance:com.flipkart.test.SearchPageTest@37883b97]" started-at="2021-03-16T14:51:29Z" name="TearDown" finished-at="2021-03-16T14:51:30Z" duration-ms="665" status="PASS">
          <reporter-output>
          </reporter-output>
        </test-method> <!-- TearDown -->
        <test-method is-config="true" signature="SetUp()[pri:0, instance:com.flipkart.test.SearchPageTest@37883b97]" started-at="2021-03-16T14:51:30Z" name="SetUp" finished-at="2021-03-16T14:51:44Z" duration-ms="14845" status="PASS">
          <reporter-output>
          </reporter-output>
        </test-method> <!-- SetUp -->
        <test-method signature="SearchPageTitle()[pri:0, instance:com.flipkart.test.SearchPageTest@37883b97]" started-at="2021-03-16T14:51:44Z" name="SearchPageTitle" finished-at="2021-03-16T14:51:45Z" duration-ms="11" status="PASS">
          <reporter-output>
          </reporter-output>
        </test-method> <!-- SearchPageTitle -->
        <test-method is-config="true" signature="TearDown()[pri:0, instance:com.flipkart.test.SearchPageTest@37883b97]" started-at="2021-03-16T14:51:45Z" name="TearDown" finished-at="2021-03-16T14:51:46Z" duration-ms="669" status="PASS">
          <reporter-output>
          </reporter-output>
        </test-method> <!-- TearDown -->
      </class> <!-- com.flipkart.test.SearchPageTest -->
      <class name="com.flipkart.test.PlaceOrderPageTest">
        <test-method is-config="true" signature="SetUp()[pri:0, instance:com.flipkart.test.PlaceOrderPageTest@4e3958e7]" started-at="2021-03-16T14:52:31Z" name="SetUp" finished-at="2021-03-16T14:52:59Z" duration-ms="27836" status="PASS">
          <reporter-output>
          </reporter-output>
        </test-method> <!-- SetUp -->
        <test-method signature="OrderProduct()[pri:0, instance:com.flipkart.test.PlaceOrderPageTest@4e3958e7]" started-at="2021-03-16T14:52:59Z" name="OrderProduct" finished-at="2021-03-16T14:56:10Z" duration-ms="191101" status="PASS">
          <reporter-output>
          </reporter-output>
        </test-method> <!-- OrderProduct -->
        <test-method is-config="true" signature="TearDown()[pri:0, instance:com.flipkart.test.PlaceOrderPageTest@4e3958e7]" started-at="2021-03-16T14:56:10Z" name="TearDown" finished-at="2021-03-16T14:56:11Z" duration-ms="689" status="PASS">
          <reporter-output>
          </reporter-output>
        </test-method> <!-- TearDown -->
        <test-method is-config="true" signature="SetUp()[pri:0, instance:com.flipkart.test.PlaceOrderPageTest@4e3958e7]" started-at="2021-03-16T14:56:11Z" name="SetUp" finished-at="2021-03-16T14:56:39Z" duration-ms="28136" status="PASS">
          <reporter-output>
          </reporter-output>
        </test-method> <!-- SetUp -->
        <test-method signature="PaymentPageTitle()[pri:0, instance:com.flipkart.test.PlaceOrderPageTest@4e3958e7]" started-at="2021-03-16T14:56:39Z" name="PaymentPageTitle" finished-at="2021-03-16T14:56:39Z" duration-ms="7" status="PASS">
          <reporter-output>
          </reporter-output>
        </test-method> <!-- PaymentPageTitle -->
        <test-method is-config="true" signature="TearDown()[pri:0, instance:com.flipkart.test.PlaceOrderPageTest@4e3958e7]" started-at="2021-03-16T14:56:39Z" name="TearDown" finished-at="2021-03-16T14:56:40Z" duration-ms="683" status="PASS">
          <reporter-output>
          </reporter-output>
        </test-method> <!-- TearDown -->
      </class> <!-- com.flipkart.test.PlaceOrderPageTest -->
      <class name="com.flipkart.test.ProductPageTest">
        <test-method is-config="true" signature="SetUp()[pri:0, instance:com.flipkart.test.ProductPageTest@38102d01]" started-at="2021-03-16T14:51:46Z" name="SetUp" finished-at="2021-03-16T14:52:07Z" duration-ms="21251" status="PASS">
          <reporter-output>
          </reporter-output>
        </test-method> <!-- SetUp -->
        <test-method signature="ProductPageTitle()[pri:0, instance:com.flipkart.test.ProductPageTest@38102d01]" started-at="2021-03-16T14:52:07Z" name="ProductPageTitle" finished-at="2021-03-16T14:52:07Z" duration-ms="16" status="PASS">
          <reporter-output>
          </reporter-output>
        </test-method> <!-- ProductPageTitle -->
        <test-method is-config="true" signature="TearDown()[pri:0, instance:com.flipkart.test.ProductPageTest@38102d01]" started-at="2021-03-16T14:52:07Z" name="TearDown" finished-at="2021-03-16T14:52:08Z" duration-ms="671" status="PASS">
          <reporter-output>
          </reporter-output>
        </test-method> <!-- TearDown -->
        <test-method is-config="true" signature="SetUp()[pri:0, instance:com.flipkart.test.ProductPageTest@38102d01]" started-at="2021-03-16T14:52:08Z" name="SetUp" finished-at="2021-03-16T14:52:25Z" duration-ms="16512" status="PASS">
          <reporter-output>
          </reporter-output>
        </test-method> <!-- SetUp -->
        <test-method signature="PurchaseProduct()[pri:0, instance:com.flipkart.test.ProductPageTest@38102d01]" started-at="2021-03-16T14:52:25Z" name="PurchaseProduct" finished-at="2021-03-16T14:52:30Z" duration-ms="5078" status="PASS">
          <reporter-output>
          </reporter-output>
        </test-method> <!-- PurchaseProduct -->
        <test-method is-config="true" signature="TearDown()[pri:0, instance:com.flipkart.test.ProductPageTest@38102d01]" started-at="2021-03-16T14:52:30Z" name="TearDown" finished-at="2021-03-16T14:52:31Z" duration-ms="686" status="PASS">
          <reporter-output>
          </reporter-output>
        </test-method> <!-- TearDown -->
      </class> <!-- com.flipkart.test.ProductPageTest -->
      <class name="com.flipkart.test.HomePageTest">
        <test-method is-config="true" signature="SetUp()[pri:0, instance:com.flipkart.test.HomePageTest@58a9760d]" started-at="2021-03-16T14:50:29Z" name="SetUp" finished-at="2021-03-16T14:50:38Z" duration-ms="8635" status="PASS">
          <reporter-output>
          </reporter-output>
        </test-method> <!-- SetUp -->
        <test-method signature="HomePageTitle()[pri:0, instance:com.flipkart.test.HomePageTest@58a9760d]" started-at="2021-03-16T14:50:38Z" name="HomePageTitle" finished-at="2021-03-16T14:50:38Z" duration-ms="14" status="PASS">
          <reporter-output>
          </reporter-output>
        </test-method> <!-- HomePageTitle -->
        <test-method is-config="true" signature="TearDown()[pri:0, instance:com.flipkart.test.HomePageTest@58a9760d]" started-at="2021-03-16T14:50:41Z" name="TearDown" finished-at="2021-03-16T14:50:42Z" duration-ms="693" status="PASS">
          <reporter-output>
          </reporter-output>
        </test-method> <!-- TearDown -->
        <test-method is-config="true" signature="SetUp()[pri:0, instance:com.flipkart.test.HomePageTest@58a9760d]" started-at="2021-03-16T14:50:42Z" name="SetUp" finished-at="2021-03-16T14:50:52Z" duration-ms="10412" status="PASS">
          <reporter-output>
          </reporter-output>
        </test-method> <!-- SetUp -->
        <test-method signature="SearchProduct()[pri:0, instance:com.flipkart.test.HomePageTest@58a9760d]" started-at="2021-03-16T14:50:52Z" name="SearchProduct" finished-at="2021-03-16T14:50:52Z" duration-ms="255" status="PASS">
          <reporter-output>
          </reporter-output>
        </test-method> <!-- SearchProduct -->
        <test-method is-config="true" signature="TearDown()[pri:0, instance:com.flipkart.test.HomePageTest@58a9760d]" started-at="2021-03-16T14:50:56Z" name="TearDown" finished-at="2021-03-16T14:50:57Z" duration-ms="667" status="PASS">
          <reporter-output>
          </reporter-output>
        </test-method> <!-- TearDown -->
        <test-method is-config="true" signature="SetUp()[pri:0, instance:com.flipkart.test.HomePageTest@58a9760d]" started-at="2021-03-16T14:50:57Z" name="SetUp" finished-at="2021-03-16T14:51:04Z" duration-ms="7394" status="PASS">
          <reporter-output>
          </reporter-output>
        </test-method> <!-- SetUp -->
        <test-method signature="VerifyUserId()[pri:0, instance:com.flipkart.test.HomePageTest@58a9760d]" started-at="2021-03-16T14:51:04Z" name="VerifyUserId" finished-at="2021-03-16T14:51:07Z" duration-ms="2522" status="PASS">
          <reporter-output>
          </reporter-output>
        </test-method> <!-- VerifyUserId -->
        <test-method is-config="true" signature="TearDown()[pri:0, instance:com.flipkart.test.HomePageTest@58a9760d]" started-at="2021-03-16T14:51:07Z" name="TearDown" finished-at="2021-03-16T14:51:08Z" duration-ms="680" status="PASS">
          <reporter-output>
          </reporter-output>
        </test-method> <!-- TearDown -->
      </class> <!-- com.flipkart.test.HomePageTest -->
      <class name="com.flipkart.test.LoginPageTest">
        <test-method is-config="true" signature="SetUp()[pri:0, instance:com.flipkart.test.LoginPageTest@6ab778a]" started-at="2021-03-16T14:50:07Z" name="SetUp" finished-at="2021-03-16T14:50:16Z" duration-ms="8227" status="PASS">
          <reporter-output>
          </reporter-output>
        </test-method> <!-- SetUp -->
        <test-method signature="CheckLoginPageTitle()[pri:0, instance:com.flipkart.test.LoginPageTest@6ab778a]" started-at="2021-03-16T14:50:16Z" name="CheckLoginPageTitle" finished-at="2021-03-16T14:50:16Z" duration-ms="31" status="PASS">
          <reporter-output>
          </reporter-output>
        </test-method> <!-- CheckLoginPageTitle -->
        <test-method is-config="true" signature="TearDown()[pri:0, instance:com.flipkart.test.LoginPageTest@6ab778a]" started-at="2021-03-16T14:50:16Z" name="TearDown" finished-at="2021-03-16T14:50:17Z" duration-ms="666" status="PASS">
          <reporter-output>
          </reporter-output>
        </test-method> <!-- TearDown -->
        <test-method is-config="true" signature="SetUp()[pri:0, instance:com.flipkart.test.LoginPageTest@6ab778a]" started-at="2021-03-16T14:50:17Z" name="SetUp" finished-at="2021-03-16T14:50:25Z" duration-ms="7999" status="PASS">
          <reporter-output>
          </reporter-output>
        </test-method> <!-- SetUp -->
        <test-method signature="Login()[pri:0, instance:com.flipkart.test.LoginPageTest@6ab778a]" started-at="2021-03-16T14:50:25Z" name="Login" finished-at="2021-03-16T14:50:26Z" duration-ms="993" status="PASS">
          <reporter-output>
          </reporter-output>
        </test-method> <!-- Login -->
        <test-method is-config="true" signature="TearDown()[pri:0, instance:com.flipkart.test.LoginPageTest@6ab778a]" started-at="2021-03-16T14:50:29Z" name="TearDown" finished-at="2021-03-16T14:50:29Z" duration-ms="648" status="PASS">
          <reporter-output>
          </reporter-output>
        </test-method> <!-- TearDown -->
      </class> <!-- com.flipkart.test.LoginPageTest -->
    </test> <!-- Flipkart Test -->
  </suite> <!-- Flipkart Application Test Suite -->
</testng-results>
