<?xml version="1.0" encoding="UTF-8"?>
<testsuite xmlns:xsi="http://www.w3.org/2001/XMLSchema-instance" xsi:noNamespaceSchemaLocation="https://maven.apache.org/surefire/maven-surefire-plugin/xsd/surefire-test-report-3.0.xsd" version="3.0" name="TestSuite" time="393.808" tests="12" errors="0" skipped="0" failures="0">
  <properties>
[...]
</properties>
  <testcase name="CheckLoginPageTitle" classname="com.flipkart.test.LoginPageTest" time="0.007">
    <system-out><![CDATA[Directory already exists: C:\Users\SINDHU\eclipse-workspace\FlipkartProject\TestReport
Directory already exists: C:\Users\SINDHU\eclipse-workspace\FlipkartProject\TestReport\Screenshots
C:\Users\SINDHU\eclipse-workspace\FlipkartProject\TestReport\Extent-Report.html
...
... TestNG 6.8beta 20120825_1010 by C�dric Beust (cedric@beust.com)
...

*** Test Suite Flipkart Test started ***
C:\Users\SINDHU\eclipse-workspace\FlipkartProject\TestReport\Screenshots\CheckLoginPageTitle.png
C:\Users\SINDHU\eclipse-workspace\FlipkartProject\TestReport\Screenshots\CheckProductCategory.png
C:\Users\SINDHU\eclipse-workspace\FlipkartProject\TestReport\Screenshots\HomePageTitle.png
C:\Users\SINDHU\eclipse-workspace\FlipkartProject\TestReport\Screenshots\LaunchProduct.png
C:\Users\SINDHU\eclipse-workspace\FlipkartProject\TestReport\Screenshots\Login.png
C:\Users\SINDHU\eclipse-workspace\FlipkartProject\TestReport\Screenshots\ProductPageTitle.png
C:\Users\SINDHU\eclipse-workspace\FlipkartProject\TestReport\Screenshots\PurchaseProduct.png
C:\Users\SINDHU\eclipse-workspace\FlipkartProject\TestReport\Screenshots\SearchPageTitle.png
C:\Users\SINDHU\eclipse-workspace\FlipkartProject\TestReport\Screenshots\SearchProduct.png
C:\Users\SINDHU\eclipse-workspace\FlipkartProject\TestReport\Screenshots\VerifyUserId.png
Before navigating to: 'https://www.flipkart.com/'
Navigated to:'https://www.flipkart.com/'
*** Running test method CheckLoginPageTitle...
Online Shopping Site for Mobiles, Electronics, Furniture, Grocery, Lifestyle, Books & More. Best Offers!
]]></system-out>
    <system-err><![CDATA[Starting ChromeDriver 88.0.4324.96 (68dba2d8a0b149a1d3afac56fa74648032bcf46b-refs/branch-heads/4324@{#1784}) on port 33308
Only local connections are allowed.
Please see https://chromedriver.chromium.org/security-considerations for suggestions on keeping ChromeDriver safe.
ChromeDriver was started successfully.
[1615886409.482][WARNING]: This version of ChromeDriver has not been tested with Chrome version 89.
Mar 16, 2021 2:50:09 PM org.openqa.selenium.remote.ProtocolHandshake createSession
INFO: Detected dialect: W3C
]]></system-err>
  </testcase>
  <testcase name="Login" classname="com.flipkart.test.LoginPageTest" time="0.987">
    <system-out><![CDATA[*** Executed CheckLoginPageTitle test successfully...
Before navigating to: 'https://www.flipkart.com/'
Navigated to:'https://www.flipkart.com/'
*** Running test method Login...
Trying to find Element By : By.xpath: (//input[@type='text'])[2]
Found Element By : By.xpath: (//input[@type='text'])[2]
Trying to find Element By : By.xpath: //input[@type='password']
Found Element By : By.xpath: //input[@type='password']
Trying to find Element By : By.xpath: (//span[contains(text(),'Login')])[2]
Found Element By : By.xpath: (//span[contains(text(),'Login')])[2]
Trying to click on: [[ChromeDriver: chrome on WINDOWS (4cebfa937a8ddbd040674d63c439dc6c)] -> xpath: (//span[contains(text(),'Login')])[2]]
Clicked on: [[ChromeDriver: chrome on WINDOWS (4cebfa937a8ddbd040674d63c439dc6c)] -> xpath: (//span[contains(text(),'Login')])[2]]
]]></system-out>
    <system-err><![CDATA[Starting ChromeDriver 88.0.4324.96 (68dba2d8a0b149a1d3afac56fa74648032bcf46b-refs/branch-heads/4324@{#1784}) on port 40669
Only local connections are allowed.
Please see https://chromedriver.chromium.org/security-considerations for suggestions on keeping ChromeDriver safe.
ChromeDriver was started successfully.
[1615886418.676][WARNING]: This version of ChromeDriver has not been tested with Chrome version 89.
Mar 16, 2021 2:50:18 PM org.openqa.selenium.remote.ProtocolHandshake createSession
INFO: Detected dialect: W3C
]]></system-err>
  </testcase>
  <testcase name="HomePageTitle" classname="com.flipkart.test.HomePageTest" time="0.002">
    <system-out><![CDATA[*** Executed Login test successfully...
Before navigating to: 'https://www.flipkart.com/'
Navigated to:'https://www.flipkart.com/'
Trying to find Element By : By.xpath: (//input[@type='text'])[2]
Found Element By : By.xpath: (//input[@type='text'])[2]
Trying to find Element By : By.xpath: //input[@type='password']
Found Element By : By.xpath: //input[@type='password']
Trying to find Element By : By.xpath: (//span[contains(text(),'Login')])[2]
Found Element By : By.xpath: (//span[contains(text(),'Login')])[2]
Trying to click on: [[ChromeDriver: chrome on WINDOWS (e131b04e20819325eb09f494e98cd531)] -> xpath: (//span[contains(text(),'Login')])[2]]
Clicked on: [[ChromeDriver: chrome on WINDOWS (e131b04e20819325eb09f494e98cd531)] -> xpath: (//span[contains(text(),'Login')])[2]]
*** Running test method HomePageTitle...
Online Shopping Site for Mobiles, Electronics, Furniture, Grocery, Lifestyle, Books & More. Best Offers!
]]></system-out>
    <system-err><![CDATA[Starting ChromeDriver 88.0.4324.96 (68dba2d8a0b149a1d3afac56fa74648032bcf46b-refs/branch-heads/4324@{#1784}) on port 29425
Only local connections are allowed.
Please see https://chromedriver.chromium.org/security-considerations for suggestions on keeping ChromeDriver safe.
ChromeDriver was started successfully.
[1615886431.021][WARNING]: This version of ChromeDriver has not been tested with Chrome version 89.
Mar 16, 2021 2:50:31 PM org.openqa.selenium.remote.ProtocolHandshake createSession
INFO: Detected dialect: W3C
]]></system-err>
  </testcase>
  <testcase name="SearchProduct" classname="com.flipkart.test.HomePageTest" time="0.249">
    <system-out><![CDATA[*** Executed HomePageTitle test successfully...
Before navigating to: 'https://www.flipkart.com/'
Navigated to:'https://www.flipkart.com/'
Trying to find Element By : By.xpath: (//input[@type='text'])[2]
Found Element By : By.xpath: (//input[@type='text'])[2]
Trying to find Element By : By.xpath: //input[@type='password']
Found Element By : By.xpath: //input[@type='password']
Trying to find Element By : By.xpath: (//span[contains(text(),'Login')])[2]
Found Element By : By.xpath: (//span[contains(text(),'Login')])[2]
Trying to click on: [[ChromeDriver: chrome on WINDOWS (1fe3d8287fa65cda604c5054c6dbea95)] -> xpath: (//span[contains(text(),'Login')])[2]]
Clicked on: [[ChromeDriver: chrome on WINDOWS (1fe3d8287fa65cda604c5054c6dbea95)] -> xpath: (//span[contains(text(),'Login')])[2]]
*** Running test method SearchProduct...
Trying to find Element By : By.xpath: //input[@title='Search for products, brands and more']
Found Element By : By.xpath: //input[@title='Search for products, brands and more']
Trying to find Element By : By.xpath: //input[@title='Search for products, brands and more']
Found Element By : By.xpath: //input[@title='Search for products, brands and more']
]]></system-out>
    <system-err><![CDATA[Starting ChromeDriver 88.0.4324.96 (68dba2d8a0b149a1d3afac56fa74648032bcf46b-refs/branch-heads/4324@{#1784}) on port 49041
Only local connections are allowed.
Please see https://chromedriver.chromium.org/security-considerations for suggestions on keeping ChromeDriver safe.
ChromeDriver was started successfully.
[1615886443.440][WARNING]: This version of ChromeDriver has not been tested with Chrome version 89.
Mar 16, 2021 2:50:43 PM org.openqa.selenium.remote.ProtocolHandshake createSession
INFO: Detected dialect: W3C
]]></system-err>
  </testcase>
  <testcase name="VerifyUserId" classname="com.flipkart.test.HomePageTest" time="2.518">
    <system-out><![CDATA[*** Executed SearchProduct test successfully...
Before navigating to: 'https://www.flipkart.com/'
Navigated to:'https://www.flipkart.com/'
Trying to find Element By : By.xpath: (//input[@type='text'])[2]
Found Element By : By.xpath: (//input[@type='text'])[2]
Trying to find Element By : By.xpath: //input[@type='password']
Found Element By : By.xpath: //input[@type='password']
Trying to find Element By : By.xpath: (//span[contains(text(),'Login')])[2]
Found Element By : By.xpath: (//span[contains(text(),'Login')])[2]
Trying to click on: [[ChromeDriver: chrome on WINDOWS (23bc58d1dc07c6f5dd6f08d823bd08cb)] -> xpath: (//span[contains(text(),'Login')])[2]]
Clicked on: [[ChromeDriver: chrome on WINDOWS (23bc58d1dc07c6f5dd6f08d823bd08cb)] -> xpath: (//span[contains(text(),'Login')])[2]]
*** Running test method VerifyUserId...
Trying to find Element By : By.xpath: //div[contains(text(),'Sindhu')]
Found Element By : By.xpath: //div[contains(text(),'Sindhu')]
Sindhu
]]></system-out>
    <system-err><![CDATA[Starting ChromeDriver 88.0.4324.96 (68dba2d8a0b149a1d3afac56fa74648032bcf46b-refs/branch-heads/4324@{#1784}) on port 28338
Only local connections are allowed.
Please see https://chromedriver.chromium.org/security-considerations for suggestions on keeping ChromeDriver safe.
ChromeDriver was started successfully.
[1615886458.249][WARNING]: This version of ChromeDriver has not been tested with Chrome version 89.
Mar 16, 2021 2:50:58 PM org.openqa.selenium.remote.ProtocolHandshake createSession
INFO: Detected dialect: W3C
]]></system-err>
  </testcase>
  <testcase name="CheckProductCategory" classname="com.flipkart.test.SearchPageTest" time="2.134">
    <system-out><![CDATA[*** Executed VerifyUserId test successfully...
Before navigating to: 'https://www.flipkart.com/'
Navigated to:'https://www.flipkart.com/'
Trying to find Element By : By.xpath: (//input[@type='text'])[2]
Found Element By : By.xpath: (//input[@type='text'])[2]
Trying to find Element By : By.xpath: //input[@type='password']
Found Element By : By.xpath: //input[@type='password']
Trying to find Element By : By.xpath: (//span[contains(text(),'Login')])[2]
Found Element By : By.xpath: (//span[contains(text(),'Login')])[2]
Trying to click on: [[ChromeDriver: chrome on WINDOWS (2b0b8257e57f1754a31d8b86c4a2d7c1)] -> xpath: (//span[contains(text(),'Login')])[2]]
Clicked on: [[ChromeDriver: chrome on WINDOWS (2b0b8257e57f1754a31d8b86c4a2d7c1)] -> xpath: (//span[contains(text(),'Login')])[2]]
Trying to find Element By : By.xpath: //input[@title='Search for products, brands and more']
Found Element By : By.xpath: //input[@title='Search for products, brands and more']
Trying to find Element By : By.xpath: //input[@title='Search for products, brands and more']
Found Element By : By.xpath: //input[@title='Search for products, brands and more']
*** Running test method CheckProductCategory...
Trying to find Element By : By.xpath: //a[@title='Mobiles']
Found Element By : By.xpath: //a[@title='Mobiles']
Mobiles
]]></system-out>
    <system-err><![CDATA[Starting ChromeDriver 88.0.4324.96 (68dba2d8a0b149a1d3afac56fa74648032bcf46b-refs/branch-heads/4324@{#1784}) on port 27505
Only local connections are allowed.
Please see https://chromedriver.chromium.org/security-considerations for suggestions on keeping ChromeDriver safe.
ChromeDriver was started successfully.
[1615886469.683][WARNING]: This version of ChromeDriver has not been tested with Chrome version 89.
Mar 16, 2021 2:51:09 PM org.openqa.selenium.remote.ProtocolHandshake createSession
INFO: Detected dialect: W3C
]]></system-err>
  </testcase>
  <testcase name="LaunchProduct" classname="com.flipkart.test.SearchPageTest" time="2.609">
    <system-out><![CDATA[*** Executed CheckProductCategory test successfully...
Before navigating to: 'https://www.flipkart.com/'
Navigated to:'https://www.flipkart.com/'
Trying to find Element By : By.xpath: (//input[@type='text'])[2]
Found Element By : By.xpath: (//input[@type='text'])[2]
Trying to find Element By : By.xpath: //input[@type='password']
Found Element By : By.xpath: //input[@type='password']
Trying to find Element By : By.xpath: (//span[contains(text(),'Login')])[2]
Found Element By : By.xpath: (//span[contains(text(),'Login')])[2]
Trying to click on: [[ChromeDriver: chrome on WINDOWS (5193f724f5722482581589a171865b13)] -> xpath: (//span[contains(text(),'Login')])[2]]
Clicked on: [[ChromeDriver: chrome on WINDOWS (5193f724f5722482581589a171865b13)] -> xpath: (//span[contains(text(),'Login')])[2]]
Trying to find Element By : By.xpath: //input[@title='Search for products, brands and more']
Found Element By : By.xpath: //input[@title='Search for products, brands and more']
Trying to find Element By : By.xpath: //input[@title='Search for products, brands and more']
Found Element By : By.xpath: //input[@title='Search for products, brands and more']
*** Running test method LaunchProduct...
Trying to find Element By : By.xpath: //div[contains(text(),'Redmi 9 Prime (Sunrise Flare, 64 GB)')]
Found Element By : By.xpath: //div[contains(text(),'Redmi 9 Prime (Sunrise Flare, 64 GB)')]
Trying to click on: [[ChromeDriver: chrome on WINDOWS (5193f724f5722482581589a171865b13)] -> xpath: //div[contains(text(),'Redmi 9 Prime (Sunrise Flare, 64 GB)')]]
Clicked on: [[ChromeDriver: chrome on WINDOWS (5193f724f5722482581589a171865b13)] -> xpath: //div[contains(text(),'Redmi 9 Prime (Sunrise Flare, 64 GB)')]]
]]></system-out>
    <system-err><![CDATA[Starting ChromeDriver 88.0.4324.96 (68dba2d8a0b149a1d3afac56fa74648032bcf46b-refs/branch-heads/4324@{#1784}) on port 38211
Only local connections are allowed.
Please see https://chromedriver.chromium.org/security-considerations for suggestions on keeping ChromeDriver safe.
ChromeDriver was started successfully.
[1615886478.973][WARNING]: This version of ChromeDriver has not been tested with Chrome version 89.
Mar 16, 2021 2:51:18 PM org.openqa.selenium.remote.ProtocolHandshake createSession
INFO: Detected dialect: W3C
]]></system-err>
  </testcase>
  <testcase name="SearchPageTitle" classname="com.flipkart.test.SearchPageTest" time="0.007">
    <system-out><![CDATA[*** Executed LaunchProduct test successfully...
Before navigating to: 'https://www.flipkart.com/'
Navigated to:'https://www.flipkart.com/'
Trying to find Element By : By.xpath: (//input[@type='text'])[2]
Found Element By : By.xpath: (//input[@type='text'])[2]
Trying to find Element By : By.xpath: //input[@type='password']
Found Element By : By.xpath: //input[@type='password']
Trying to find Element By : By.xpath: (//span[contains(text(),'Login')])[2]
Found Element By : By.xpath: (//span[contains(text(),'Login')])[2]
Trying to click on: [[ChromeDriver: chrome on WINDOWS (a9be835acab39c23d43560ae9909156c)] -> xpath: (//span[contains(text(),'Login')])[2]]
Clicked on: [[ChromeDriver: chrome on WINDOWS (a9be835acab39c23d43560ae9909156c)] -> xpath: (//span[contains(text(),'Login')])[2]]
Trying to find Element By : By.xpath: //input[@title='Search for products, brands and more']
Found Element By : By.xpath: //input[@title='Search for products, brands and more']
Trying to find Element By : By.xpath: //input[@title='Search for products, brands and more']
Found Element By : By.xpath: //input[@title='Search for products, brands and more']
*** Running test method SearchPageTitle...
Online Shopping Site for Mobiles, Electronics, Furniture, Grocery, Lifestyle, Books & More. Best Offers!
]]></system-out>
    <system-err><![CDATA[Starting ChromeDriver 88.0.4324.96 (68dba2d8a0b149a1d3afac56fa74648032bcf46b-refs/branch-heads/4324@{#1784}) on port 46054
Only local connections are allowed.
Please see https://chromedriver.chromium.org/security-considerations for suggestions on keeping ChromeDriver safe.
ChromeDriver was started successfully.
[1615886491.265][WARNING]: This version of ChromeDriver has not been tested with Chrome version 89.
Mar 16, 2021 2:51:31 PM org.openqa.selenium.remote.ProtocolHandshake createSession
INFO: Detected dialect: W3C
]]></system-err>
  </testcase>
  <testcase name="ProductPageTitle" classname="com.flipkart.test.ProductPageTest" time="0.012">
    <system-out><![CDATA[*** Executed SearchPageTitle test successfully...
Before navigating to: 'https://www.flipkart.com/'
Navigated to:'https://www.flipkart.com/'
Trying to find Element By : By.xpath: (//input[@type='text'])[2]
Found Element By : By.xpath: (//input[@type='text'])[2]
Trying to find Element By : By.xpath: //input[@type='password']
Found Element By : By.xpath: //input[@type='password']
Trying to find Element By : By.xpath: (//span[contains(text(),'Login')])[2]
Found Element By : By.xpath: (//span[contains(text(),'Login')])[2]
Trying to click on: [[ChromeDriver: chrome on WINDOWS (8816536286efa67d8829cd33f5f8fd89)] -> xpath: (//span[contains(text(),'Login')])[2]]
Clicked on: [[ChromeDriver: chrome on WINDOWS (8816536286efa67d8829cd33f5f8fd89)] -> xpath: (//span[contains(text(),'Login')])[2]]
Trying to find Element By : By.xpath: //input[@title='Search for products, brands and more']
Found Element By : By.xpath: //input[@title='Search for products, brands and more']
Trying to find Element By : By.xpath: //input[@title='Search for products, brands and more']
Found Element By : By.xpath: //input[@title='Search for products, brands and more']
Trying to find Element By : By.xpath: //div[contains(text(),'Redmi 9 Prime (Sunrise Flare, 64 GB)')]
Found Element By : By.xpath: //div[contains(text(),'Redmi 9 Prime (Sunrise Flare, 64 GB)')]
Trying to click on: [[ChromeDriver: chrome on WINDOWS (8816536286efa67d8829cd33f5f8fd89)] -> xpath: //div[contains(text(),'Redmi 9 Prime (Sunrise Flare, 64 GB)')]]
Clicked on: [[ChromeDriver: chrome on WINDOWS (8816536286efa67d8829cd33f5f8fd89)] -> xpath: //div[contains(text(),'Redmi 9 Prime (Sunrise Flare, 64 GB)')]]
*** Running test method ProductPageTitle...
Redmi 9 Prime (Sunrise Flare, 64 GB)- Buy Products Online at Best Price in India - All Categories | Flipkart.com
]]></system-out>
    <system-err><![CDATA[Starting ChromeDriver 88.0.4324.96 (68dba2d8a0b149a1d3afac56fa74648032bcf46b-refs/branch-heads/4324@{#1784}) on port 30533
Only local connections are allowed.
Please see https://chromedriver.chromium.org/security-considerations for suggestions on keeping ChromeDriver safe.
ChromeDriver was started successfully.
[1615886507.333][WARNING]: This version of ChromeDriver has not been tested with Chrome version 89.
Mar 16, 2021 2:51:47 PM org.openqa.selenium.remote.ProtocolHandshake createSession
INFO: Detected dialect: W3C
]]></system-err>
  </testcase>
  <testcase name="PurchaseProduct" classname="com.flipkart.test.ProductPageTest" time="5.069">
    <system-out><![CDATA[*** Executed ProductPageTitle test successfully...
Before navigating to: 'https://www.flipkart.com/'
Navigated to:'https://www.flipkart.com/'
Trying to find Element By : By.xpath: (//input[@type='text'])[2]
Found Element By : By.xpath: (//input[@type='text'])[2]
Trying to find Element By : By.xpath: //input[@type='password']
Found Element By : By.xpath: //input[@type='password']
Trying to find Element By : By.xpath: (//span[contains(text(),'Login')])[2]
Found Element By : By.xpath: (//span[contains(text(),'Login')])[2]
Trying to click on: [[ChromeDriver: chrome on WINDOWS (140fe12750c2d50a418615bbd2ff8128)] -> xpath: (//span[contains(text(),'Login')])[2]]
Clicked on: [[ChromeDriver: chrome on WINDOWS (140fe12750c2d50a418615bbd2ff8128)] -> xpath: (//span[contains(text(),'Login')])[2]]
Trying to find Element By : By.xpath: //input[@title='Search for products, brands and more']
Found Element By : By.xpath: //input[@title='Search for products, brands and more']
Trying to find Element By : By.xpath: //input[@title='Search for products, brands and more']
Found Element By : By.xpath: //input[@title='Search for products, brands and more']
Trying to find Element By : By.xpath: //div[contains(text(),'Redmi 9 Prime (Sunrise Flare, 64 GB)')]
Found Element By : By.xpath: //div[contains(text(),'Redmi 9 Prime (Sunrise Flare, 64 GB)')]
Trying to click on: [[ChromeDriver: chrome on WINDOWS (140fe12750c2d50a418615bbd2ff8128)] -> xpath: //div[contains(text(),'Redmi 9 Prime (Sunrise Flare, 64 GB)')]]
Clicked on: [[ChromeDriver: chrome on WINDOWS (140fe12750c2d50a418615bbd2ff8128)] -> xpath: //div[contains(text(),'Redmi 9 Prime (Sunrise Flare, 64 GB)')]]
*** Running test method PurchaseProduct...
parent window name: CDwindow-12B3C5A8702F5C422F88CD7F074626A6
Searched Product is sucessfully launched in new tab
mi Redmi 9 Prime ( 64 GB Storage, 4 GB RAM ) Online at Best Price On Flipkart.com
Trying to find Element By : By.xpath: //button[@type='button']
Found Element By : By.xpath: //button[@type='button']
Trying to click on: [[ChromeDriver: chrome on WINDOWS (140fe12750c2d50a418615bbd2ff8128)] -> xpath: //button[@type='button']]
Clicked on: [[ChromeDriver: chrome on WINDOWS (140fe12750c2d50a418615bbd2ff8128)] -> xpath: //button[@type='button']]
]]></system-out>
    <system-err><![CDATA[Starting ChromeDriver 88.0.4324.96 (68dba2d8a0b149a1d3afac56fa74648032bcf46b-refs/branch-heads/4324@{#1784}) on port 46506
Only local connections are allowed.
Please see https://chromedriver.chromium.org/security-considerations for suggestions on keeping ChromeDriver safe.
ChromeDriver was started successfully.
[1615886529.695][WARNING]: This version of ChromeDriver has not been tested with Chrome version 89.
Mar 16, 2021 2:52:09 PM org.openqa.selenium.remote.ProtocolHandshake createSession
INFO: Detected dialect: W3C
]]></system-err>
  </testcase>
  <testcase name="OrderProduct" classname="com.flipkart.test.PlaceOrderPageTest" time="191.098">
    <system-out><![CDATA[*** Executed PurchaseProduct test successfully...
Before navigating to: 'https://www.flipkart.com/'
Navigated to:'https://www.flipkart.com/'
Trying to find Element By : By.xpath: (//input[@type='text'])[2]
Found Element By : By.xpath: (//input[@type='text'])[2]
Trying to find Element By : By.xpath: //input[@type='password']
Found Element By : By.xpath: //input[@type='password']
Trying to find Element By : By.xpath: (//span[contains(text(),'Login')])[2]
Found Element By : By.xpath: (//span[contains(text(),'Login')])[2]
Trying to click on: [[ChromeDriver: chrome on WINDOWS (7f1419888ddcce2a0090cc271f6ae004)] -> xpath: (//span[contains(text(),'Login')])[2]]
Clicked on: [[ChromeDriver: chrome on WINDOWS (7f1419888ddcce2a0090cc271f6ae004)] -> xpath: (//span[contains(text(),'Login')])[2]]
Trying to find Element By : By.xpath: //input[@title='Search for products, brands and more']
Found Element By : By.xpath: //input[@title='Search for products, brands and more']
Trying to find Element By : By.xpath: //input[@title='Search for products, brands and more']
Found Element By : By.xpath: //input[@title='Search for products, brands and more']
Trying to find Element By : By.xpath: //div[contains(text(),'Redmi 9 Prime (Sunrise Flare, 64 GB)')]
Found Element By : By.xpath: //div[contains(text(),'Redmi 9 Prime (Sunrise Flare, 64 GB)')]
Trying to click on: [[ChromeDriver: chrome on WINDOWS (7f1419888ddcce2a0090cc271f6ae004)] -> xpath: //div[contains(text(),'Redmi 9 Prime (Sunrise Flare, 64 GB)')]]
Clicked on: [[ChromeDriver: chrome on WINDOWS (7f1419888ddcce2a0090cc271f6ae004)] -> xpath: //div[contains(text(),'Redmi 9 Prime (Sunrise Flare, 64 GB)')]]
parent window name: CDwindow-DAF2071E04456B1F370397AF7BF0FD38
Searched Product is sucessfully launched in new tab
mi Redmi 9 Prime ( 64 GB Storage, 4 GB RAM ) Online at Best Price On Flipkart.com
Trying to find Element By : By.xpath: //button[@type='button']
Found Element By : By.xpath: //button[@type='button']
Trying to click on: [[ChromeDriver: chrome on WINDOWS (7f1419888ddcce2a0090cc271f6ae004)] -> xpath: //button[@type='button']]
Clicked on: [[ChromeDriver: chrome on WINDOWS (7f1419888ddcce2a0090cc271f6ae004)] -> xpath: //button[@type='button']]
*** Running test method OrderProduct...
Trying to find Element By : By.xpath: //button[contains(text(),'CONTINUE')]
Found Element By : By.xpath: //button[contains(text(),'CONTINUE')]
Trying to click on: [[ChromeDriver: chrome on WINDOWS (7f1419888ddcce2a0090cc271f6ae004)] -> xpath: //button[contains(text(),'CONTINUE')]]
Clicked on: [[ChromeDriver: chrome on WINDOWS (7f1419888ddcce2a0090cc271f6ae004)] -> xpath: //button[contains(text(),'CONTINUE')]]
Trying to find Element By : By.xpath: //button[contains(text(),'CONTINUE')]
Found Element By : By.xpath: //button[contains(text(),'CONTINUE')]
Trying to click on: [[ChromeDriver: chrome on WINDOWS (7f1419888ddcce2a0090cc271f6ae004)] -> xpath: //button[contains(text(),'CONTINUE')]]
Clicked on: [[ChromeDriver: chrome on WINDOWS (7f1419888ddcce2a0090cc271f6ae004)] -> xpath: //button[contains(text(),'CONTINUE')]]
Trying to find Element By : By.xpath: //input[@name='cardNumber']
Found Element By : By.xpath: //input[@name='cardNumber']
Trying to find Element By : By.xpath: //span[contains(text(),'Not a valid card number')]
Found Element By : By.xpath: //span[contains(text(),'Not a valid card number')]
]]></system-out>
    <system-err><![CDATA[Starting ChromeDriver 88.0.4324.96 (68dba2d8a0b149a1d3afac56fa74648032bcf46b-refs/branch-heads/4324@{#1784}) on port 8493
Only local connections are allowed.
Please see https://chromedriver.chromium.org/security-considerations for suggestions on keeping ChromeDriver safe.
ChromeDriver was started successfully.
[1615886552.355][WARNING]: This version of ChromeDriver has not been tested with Chrome version 89.
Mar 16, 2021 2:52:32 PM org.openqa.selenium.remote.ProtocolHandshake createSession
INFO: Detected dialect: W3C
]]></system-err>
  </testcase>
  <testcase name="PaymentPageTitle" classname="com.flipkart.test.PlaceOrderPageTest" time="0">
    <system-out><![CDATA[*** Executed OrderProduct test successfully...
Before navigating to: 'https://www.flipkart.com/'
Navigated to:'https://www.flipkart.com/'
Trying to find Element By : By.xpath: (//input[@type='text'])[2]
Found Element By : By.xpath: (//input[@type='text'])[2]
Trying to find Element By : By.xpath: //input[@type='password']
Found Element By : By.xpath: //input[@type='password']
Trying to find Element By : By.xpath: (//span[contains(text(),'Login')])[2]
Found Element By : By.xpath: (//span[contains(text(),'Login')])[2]
Trying to click on: [[ChromeDriver: chrome on WINDOWS (d3eafbf41a336c1960b2b5a6d3a48f46)] -> xpath: (//span[contains(text(),'Login')])[2]]
Clicked on: [[ChromeDriver: chrome on WINDOWS (d3eafbf41a336c1960b2b5a6d3a48f46)] -> xpath: (//span[contains(text(),'Login')])[2]]
Trying to find Element By : By.xpath: //input[@title='Search for products, brands and more']
Found Element By : By.xpath: //input[@title='Search for products, brands and more']
Trying to find Element By : By.xpath: //input[@title='Search for products, brands and more']
Found Element By : By.xpath: //input[@title='Search for products, brands and more']
Trying to find Element By : By.xpath: //div[contains(text(),'Redmi 9 Prime (Sunrise Flare, 64 GB)')]
Found Element By : By.xpath: //div[contains(text(),'Redmi 9 Prime (Sunrise Flare, 64 GB)')]
Trying to click on: [[ChromeDriver: chrome on WINDOWS (d3eafbf41a336c1960b2b5a6d3a48f46)] -> xpath: //div[contains(text(),'Redmi 9 Prime (Sunrise Flare, 64 GB)')]]
Clicked on: [[ChromeDriver: chrome on WINDOWS (d3eafbf41a336c1960b2b5a6d3a48f46)] -> xpath: //div[contains(text(),'Redmi 9 Prime (Sunrise Flare, 64 GB)')]]
parent window name: CDwindow-0D1AD17FD52C9389D5CB42FCE15CD1B0
Searched Product is sucessfully launched in new tab
mi Redmi 9 Prime ( 64 GB Storage, 4 GB RAM ) Online at Best Price On Flipkart.com
Trying to find Element By : By.xpath: //button[@type='button']
Found Element By : By.xpath: //button[@type='button']
Trying to click on: [[ChromeDriver: chrome on WINDOWS (d3eafbf41a336c1960b2b5a6d3a48f46)] -> xpath: //button[@type='button']]
Clicked on: [[ChromeDriver: chrome on WINDOWS (d3eafbf41a336c1960b2b5a6d3a48f46)] -> xpath: //button[@type='button']]
*** Running test method PaymentPageTitle...
mi Redmi 9 Prime ( 64 GB Storage, 4 GB RAM ) Online at Best Price On Flipkart.com
]]></system-out>
    <system-err><![CDATA[Starting ChromeDriver 88.0.4324.96 (68dba2d8a0b149a1d3afac56fa74648032bcf46b-refs/branch-heads/4324@{#1784}) on port 24523
Only local connections are allowed.
Please see https://chromedriver.chromium.org/security-considerations for suggestions on keeping ChromeDriver safe.
ChromeDriver was started successfully.
[1615886772.461][WARNING]: This version of ChromeDriver has not been tested with Chrome version 89.
Mar 16, 2021 2:56:12 PM org.openqa.selenium.remote.ProtocolHandshake createSession
INFO: Detected dialect: W3C
]]></system-err>
  </testcase>
</testsuite>